\BOOKMARK [0][-]{chapter.5}{\376\377\0001\000\040\000I\000n\000t\000r\000o\000d\000u\000c\000t\000i\000o\000n}{}% 1
\BOOKMARK [1][-]{section.6}{\376\377\0001\000.\0001\000\040\000A\000\040\000f\000e\000w\000\040\000r\000e\000m\000a\000r\000k\000s\000\040\000b\000e\000f\000o\000r\000e\000\040\000y\000o\000u\000\040\000s\000t\000a\000r\000t}{chapter.5}% 2
\BOOKMARK [0][-]{chapter.7}{\376\377\0002\000\040\000E\000s\000t\000i\000m\000a\000t\000i\000n\000g\000\040\000s\000u\000r\000f\000a\000c\000e\000\040\000s\000e\000n\000s\000i\000b\000l\000e\000\040\000h\000e\000a\000t\000\040\000f\000l\000u\000x\000\040\000u\000s\000i\000n\000g\000\040\000s\000a\000t\000e\000l\000l\000i\000t\000e\000\040\000d\000a\000t\000a}{}% 3
\BOOKMARK [1][-]{section.8}{\376\377\0002\000.\0001\000\040\000B\000a\000c\000k\000g\000r\000o\000u\000n\000d\000\040\000a\000n\000d\000\040\000i\000n\000t\000r\000o\000d\000u\000c\000t\000i\000o\000n}{chapter.7}% 4
\BOOKMARK [1][-]{section.9}{\376\377\0002\000.\0002\000\040\000M\000e\000t\000h\000o\000d\000o\000l\000o\000g\000y\000\040\000a\000n\000d\000\040\000d\000a\000t\000a}{chapter.7}% 5
\BOOKMARK [2][-]{subsection.10}{\376\377\0002\000.\0002\000.\0001\000\040\000S\000t\000u\000d\000y\000\040\000a\000r\000e\000a}{section.9}% 6
\BOOKMARK [2][-]{subsection.12}{\376\377\0002\000.\0002\000.\0002\000\040\000M\000o\000d\000e\000l\000\040\000o\000v\000e\000r\000v\000i\000e\000w}{section.9}% 7
\BOOKMARK [2][-]{subsection.27}{\376\377\0002\000.\0002\000.\0003\000\040\000G\000O\000E\000S\000-\000R\000\040\000l\000a\000n\000d\000\040\000s\000u\000r\000f\000a\000c\000e\000\040\000t\000e\000m\000p\000e\000r\000a\000t\000u\000r\000e\000\040\000\050\000L\000S\000T\000\051\000\040\000p\000r\000o\000d\000u\000c\000t}{section.9}% 8
\BOOKMARK [2][-]{subsection.28}{\376\377\0002\000.\0002\000.\0004\000\040\000G\000r\000o\000u\000n\000d\000\040\000s\000t\000a\000t\000i\000o\000n\000\040\000o\000b\000s\000e\000r\000v\000a\000t\000i\000o\000n\000\040\000d\000a\000t\000a}{section.9}% 9
\BOOKMARK [2][-]{subsection.29}{\376\377\0002\000.\0002\000.\0005\000\040\000M\000o\000d\000e\000l\000\040\000p\000e\000r\000f\000o\000r\000m\000a\000n\000c\000e\000\040\000a\000g\000a\000i\000n\000s\000t\000\040\000g\000r\000o\000u\000n\000d\000\040\000s\000t\000a\000t\000i\000o\000n\000s}{section.9}% 10
\BOOKMARK [2][-]{subsection.30}{\376\377\0002\000.\0002\000.\0006\000\040\000U\000r\000b\000a\000n\000i\000z\000e\000d\000\040\000W\000e\000a\000t\000h\000e\000r\000\040\000R\000e\000s\000e\000a\000r\000c\000h\000\040\000a\000n\000d\000\040\000F\000o\000r\000e\000c\000a\000s\000t\000i\000n\000g\000\040\000\050\000u\000W\000R\000F\000\051\000\040\000m\000o\000d\000e\000l}{section.9}% 11
\BOOKMARK [2][-]{subsection.31}{\376\377\0002\000.\0002\000.\0007\000\040\000M\000o\000d\000e\000l\000\040\000p\000e\000r\000f\000o\000r\000m\000a\000n\000c\000e\000\040\000e\000v\000a\000l\000u\000a\000t\000i\000o\000n}{section.9}% 12
\BOOKMARK [1][-]{section.36}{\376\377\0002\000.\0003\000\040\000R\000e\000s\000u\000l\000t\000s}{chapter.7}% 13
\BOOKMARK [2][-]{subsection.37}{\376\377\0002\000.\0003\000.\0001\000\040\000O\000v\000e\000r\000a\000l\000l\000\040\000r\000e\000s\000u\000l\000t\000s}{section.36}% 14
\BOOKMARK [2][-]{subsection.48}{\376\377\0002\000.\0003\000.\0002\000\040\000M\000o\000d\000e\000l\000\040\000p\000e\000r\000f\000o\000r\000m\000a\000n\000c\000e\000\040\000a\000g\000a\000i\000n\000s\000t\000\040\000u\000W\000R\000F}{section.36}% 15
\BOOKMARK [1][-]{section.51}{\376\377\0002\000.\0004\000\040\000D\000i\000s\000c\000u\000s\000s\000i\000o\000n}{chapter.7}% 16
\BOOKMARK [2][-]{subsection.52}{\376\377\0002\000.\0004\000.\0001\000\040\000M\000o\000d\000e\000l\000\040\000s\000e\000n\000s\000i\000t\000i\000v\000i\000t\000y\000\040\000a\000n\000a\000l\000y\000s\000i\000s}{section.51}% 17
\BOOKMARK [2][-]{subsection.55}{\376\377\0002\000.\0004\000.\0002\000\040\000C\000o\000m\000p\000a\000r\000i\000s\000o\000n\000\040\000w\000i\000t\000h\000\040\000o\000t\000h\000e\000r\000\040\000s\000t\000u\000d\000i\000e\000s}{section.51}% 18
\BOOKMARK [2][-]{subsection.56}{\376\377\0002\000.\0004\000.\0003\000\040\000M\000o\000d\000e\000l\000\040\000v\000a\000r\000i\000a\000b\000i\000l\000i\000t\000y\000\040\000\046\000\040\000p\000e\000r\000f\000o\000r\000m\000a\000n\000c\000e}{section.51}% 19
\BOOKMARK [2][-]{subsection.57}{\376\377\0002\000.\0004\000.\0004\000\040\000P\000o\000t\000e\000n\000t\000i\000a\000l\000\040\000s\000o\000u\000r\000c\000e\000s\000\040\000o\000f\000\040\000e\000r\000r\000o\000r}{section.51}% 20
\BOOKMARK [2][-]{subsection.58}{\376\377\0002\000.\0004\000.\0005\000\040\000F\000u\000t\000u\000r\000e\000\040\000w\000o\000r\000k}{section.51}% 21
\BOOKMARK [2][-]{subsection.59}{\376\377\0002\000.\0004\000.\0006\000\040\000A\000p\000p\000l\000i\000c\000a\000t\000i\000o\000n\000\040\000p\000o\000t\000e\000n\000t\000i\000a\000l}{section.51}% 22
\BOOKMARK [1][-]{section.60}{\376\377\0002\000.\0005\000\040\000C\000o\000n\000c\000l\000u\000s\000i\000o\000n\000s}{chapter.7}% 23
\BOOKMARK [0][-]{chapter.61}{\376\377\0003\000\040\000B\000o\000u\000n\000d\000a\000r\000y\000\040\000l\000a\000y\000e\000r\000\040\000c\000l\000i\000m\000a\000t\000o\000l\000o\000g\000y\000\040\000o\000f\000\040\000N\000e\000w\000\040\000Y\000o\000r\000k\000\040\000C\000i\000t\000y}{}% 24
\BOOKMARK [1][-]{section.62}{\376\377\0003\000.\0001\000\040\000I\000n\000t\000r\000o\000d\000u\000c\000t\000i\000o\000n}{chapter.61}% 25
\BOOKMARK [1][-]{section.66}{\376\377\0003\000.\0002\000\040\000D\000a\000t\000a\000\040\000c\000o\000l\000l\000e\000c\000t\000i\000o\000n\000\040\000a\000n\000d\000\040\000a\000n\000a\000l\000y\000s\000i\000s}{chapter.61}% 26
\BOOKMARK [2][-]{subsection.67}{\376\377\0003\000.\0002\000.\0001\000\040\000S\000t\000u\000d\000y\000\040\000s\000i\000t\000e\000s}{section.66}% 27
\BOOKMARK [2][-]{subsection.70}{\376\377\0003\000.\0002\000.\0002\000\040\000O\000b\000s\000e\000r\000v\000a\000t\000i\000o\000n\000a\000l\000\040\000i\000n\000s\000t\000r\000u\000m\000e\000n\000t\000s}{section.66}% 28
\BOOKMARK [1][-]{section.72}{\376\377\0003\000.\0003\000\040\000N\000o\000r\000m\000a\000l\000\040\000a\000n\000d\000\040\000e\000x\000t\000r\000e\000m\000e\000\040\000h\000e\000a\000t\000\040\000b\000o\000u\000n\000d\000a\000r\000y\000\040\000l\000a\000y\000e\000r\000\040\000p\000r\000o\000p\000e\000r\000t\000i\000e\000s}{chapter.61}% 29
\BOOKMARK [2][-]{subsection.73}{\376\377\0003\000.\0003\000.\0001\000\040\000T\000e\000m\000p\000e\000r\000a\000t\000u\000r\000e}{section.72}% 30
\BOOKMARK [2][-]{subsection.77}{\376\377\0003\000.\0003\000.\0002\000\040\000M\000o\000i\000s\000t\000u\000r\000e}{section.72}% 31
\BOOKMARK [2][-]{subsection.79}{\376\377\0003\000.\0003\000.\0003\000\040\000U\000B\000L\000\040\000d\000y\000n\000a\000m\000i\000c\000s}{section.72}% 32
\BOOKMARK [1][-]{section.88}{\376\377\0003\000.\0004\000\040\000E\000f\000f\000e\000c\000t\000s\000\040\000o\000f\000\040\000t\000h\000e\000\040\000s\000e\000a\000\040\000b\000r\000e\000e\000z\000e\000\040\000c\000i\000r\000c\000u\000l\000a\000t\000i\000o\000n}{chapter.61}% 33
\BOOKMARK [2][-]{subsection.92}{\376\377\0003\000.\0004\000.\0001\000\040\000U\000B\000L\000\040\000s\000t\000r\000u\000c\000t\000u\000r\000e\000\040\000d\000u\000r\000i\000n\000g\000\040\000s\000e\000a\000\040\000b\000r\000e\000e\000z\000e\000\040\000e\000v\000e\000n\000t\000s}{section.88}% 34
\BOOKMARK [2][-]{subsection.93}{\376\377\0003\000.\0004\000.\0002\000\040\000U\000B\000L\000\040\000d\000y\000n\000a\000m\000i\000c\000s\000\040\000d\000u\000r\000i\000n\000g\000\040\000s\000e\000a\000\040\000b\000r\000e\000e\000z\000e\000\040\000e\000v\000e\000n\000t\000s}{section.88}% 35
\BOOKMARK [1][-]{section.95}{\376\377\0003\000.\0005\000\040\000D\000i\000s\000c\000u\000s\000s\000i\000o\000n\000\040\000a\000n\000d\000\040\000c\000o\000n\000c\000l\000u\000s\000i\000o\000n\000s}{chapter.61}% 36
\BOOKMARK [0][-]{chapter.100}{\376\377\0004\000\040\000B\000o\000d\000y\000\040\000o\000f\000\040\000m\000y\000\040\000t\000h\000e\000s\000i\000s}{}% 37
\BOOKMARK [1][-]{section.101}{\376\377\0004\000.\0001\000\040\000S\000o\000m\000e\000\040\000r\000e\000s\000u\000l\000t\000s}{chapter.100}% 38
\BOOKMARK [0][-]{chapter.107}{\376\377\0005\000\040\000C\000o\000n\000c\000l\000u\000s\000i\000o\000n\000s}{}% 39
\BOOKMARK [1][-]{section.108}{\376\377\0005\000.\0001\000\040\000S\000u\000m\000m\000a\000r\000y\000\040\000o\000f\000\040\000t\000h\000e\000\040\000t\000h\000e\000s\000i\000s}{chapter.107}% 40
\BOOKMARK [0][-]{appendix.109}{\376\377\000A\000\040\000P\000r\000o\000o\000f\000\040\000o\000f\000\040\000x\000y\000z}{}% 41
