This is pdfTeX, Version 3.141592653-2.6-1.40.22 (TeX Live 2021) (preloaded format=pdflatex 2021.8.4)  21 MAY 2022 22:48
entering extended mode
 restricted \write18 enabled.
 %&-line parsing enabled.
**thesis.tex
(./thesis.tex
LaTeX2e <2020-10-01> patch level 4
L3 programming layer <2021-02-18>
(/usr/local/texlive/2021/texmf-dist/tex/latex/base/report.cls
Document Class: report 2020/04/10 v1.4m Standard LaTeX document class
(/usr/local/texlive/2021/texmf-dist/tex/latex/base/size12.clo
File: size12.clo 2020/04/10 v1.4m Standard LaTeX file (size option)
)
\c@part=\count179
\c@chapter=\count180
\c@section=\count181
\c@subsection=\count182
\c@subsubsection=\count183
\c@paragraph=\count184
\c@subparagraph=\count185
\c@figure=\count186
\c@table=\count187
\abovecaptionskip=\skip47
\belowcaptionskip=\skip48
\bibindent=\dimen138
)
(/usr/local/texlive/2021/texmf-dist/tex/latex/amsmath/amsmath.sty
Package: amsmath 2020/09/23 v2.17i AMS math features
\@mathmargin=\skip49

For additional information on amsmath, use the `?' option.
(/usr/local/texlive/2021/texmf-dist/tex/latex/amsmath/amstext.sty
Package: amstext 2000/06/29 v2.01 AMS text

(/usr/local/texlive/2021/texmf-dist/tex/latex/amsmath/amsgen.sty
File: amsgen.sty 1999/11/30 v2.0 generic functions
\@emptytoks=\toks15
\ex@=\dimen139
))
(/usr/local/texlive/2021/texmf-dist/tex/latex/amsmath/amsbsy.sty
Package: amsbsy 1999/11/29 v1.2d Bold Symbols
\pmbraise@=\dimen140
)
(/usr/local/texlive/2021/texmf-dist/tex/latex/amsmath/amsopn.sty
Package: amsopn 2016/03/08 v2.02 operator names
)
\inf@bad=\count188
LaTeX Info: Redefining \frac on input line 234.
\uproot@=\count189
\leftroot@=\count190
LaTeX Info: Redefining \overline on input line 399.
\classnum@=\count191
\DOTSCASE@=\count192
LaTeX Info: Redefining \ldots on input line 496.
LaTeX Info: Redefining \dots on input line 499.
LaTeX Info: Redefining \cdots on input line 620.
\Mathstrutbox@=\box47
\strutbox@=\box48
\big@size=\dimen141
LaTeX Font Info:    Redeclaring font encoding OML on input line 743.
LaTeX Font Info:    Redeclaring font encoding OMS on input line 744.
\macc@depth=\count193
\c@MaxMatrixCols=\count194
\dotsspace@=\muskip16
\c@parentequation=\count195
\dspbrk@lvl=\count196
\tag@help=\toks16
\row@=\count197
\column@=\count198
\maxfields@=\count199
\andhelp@=\toks17
\eqnshift@=\dimen142
\alignsep@=\dimen143
\tagshift@=\dimen144
\tagwidth@=\dimen145
\totwidth@=\dimen146
\lineht@=\dimen147
\@envbody=\toks18
\multlinegap=\skip50
\multlinetaggap=\skip51
\mathdisplay@stack=\toks19
LaTeX Info: Redefining \[ on input line 2923.
LaTeX Info: Redefining \] on input line 2924.
)
(/usr/local/texlive/2021/texmf-dist/tex/latex/amsfonts/amsfonts.sty
Package: amsfonts 2013/01/14 v3.01 Basic AMSFonts support
\symAMSa=\mathgroup4
\symAMSb=\mathgroup5
LaTeX Font Info:    Redeclaring math symbol \hbar on input line 98.
LaTeX Font Info:    Overwriting math alphabet `\mathfrak' in version `bold'
(Font)                  U/euf/m/n --> U/euf/b/n on input line 106.
)
(/usr/local/texlive/2021/texmf-dist/tex/latex/amsfonts/amssymb.sty
Package: amssymb 2013/01/14 v3.01 AMS font symbols
)
(/usr/local/texlive/2021/texmf-dist/tex/latex/biblatex/biblatex.sty
Package: biblatex 2020/12/31 v3.16 programmable bibliographies (PK/MW)

(/usr/local/texlive/2021/texmf-dist/tex/generic/pdftexcmds/pdftexcmds.sty
Package: pdftexcmds 2020-06-27 v0.33 Utility functions of pdfTeX for LuaTeX (HO
)

(/usr/local/texlive/2021/texmf-dist/tex/generic/infwarerr/infwarerr.sty
Package: infwarerr 2019/12/03 v1.5 Providing info/warning/error messages (HO)
)
(/usr/local/texlive/2021/texmf-dist/tex/generic/iftex/iftex.sty
Package: iftex 2020/03/06 v1.0d TeX engine tests
)
(/usr/local/texlive/2021/texmf-dist/tex/generic/ltxcmds/ltxcmds.sty
Package: ltxcmds 2020-05-10 v1.25 LaTeX kernel commands for general use (HO)
)
Package pdftexcmds Info: \pdf@primitive is available.
Package pdftexcmds Info: \pdf@ifprimitive is available.
Package pdftexcmds Info: \pdfdraftmode found.
)
(/usr/local/texlive/2021/texmf-dist/tex/latex/etoolbox/etoolbox.sty
Package: etoolbox 2020/10/05 v2.5k e-TeX tools for LaTeX (JAW)
\etb@tempcnta=\count266
)
(/usr/local/texlive/2021/texmf-dist/tex/latex/graphics/keyval.sty
Package: keyval 2014/10/28 v1.15 key=value parser (DPC)
\KV@toks@=\toks20
)
(/usr/local/texlive/2021/texmf-dist/tex/latex/kvoptions/kvoptions.sty
Package: kvoptions 2020-10-07 v3.14 Key value format for package options (HO)

(/usr/local/texlive/2021/texmf-dist/tex/generic/kvsetkeys/kvsetkeys.sty
Package: kvsetkeys 2019/12/15 v1.18 Key value parser (HO)
))
(/usr/local/texlive/2021/texmf-dist/tex/latex/logreq/logreq.sty
Package: logreq 2010/08/04 v1.0 xml request logger
\lrq@indent=\count267

(/usr/local/texlive/2021/texmf-dist/tex/latex/logreq/logreq.def
File: logreq.def 2010/08/04 v1.0 logreq spec v1.0
))
(/usr/local/texlive/2021/texmf-dist/tex/latex/base/ifthen.sty
Package: ifthen 2014/09/29 v1.1c Standard LaTeX ifthen package (DPC)
)
(/usr/local/texlive/2021/texmf-dist/tex/latex/url/url.sty
\Urlmuskip=\muskip17
Package: url 2013/09/16  ver 3.4  Verb mode for urls, etc.
)
\c@tabx@nest=\count268
\c@listtotal=\count269
\c@listcount=\count270
\c@liststart=\count271
\c@liststop=\count272
\c@citecount=\count273
\c@citetotal=\count274
\c@multicitecount=\count275
\c@multicitetotal=\count276
\c@instcount=\count277
\c@maxnames=\count278
\c@minnames=\count279
\c@maxitems=\count280
\c@minitems=\count281
\c@citecounter=\count282
\c@maxcitecounter=\count283
\c@savedcitecounter=\count284
\c@uniquelist=\count285
\c@uniquename=\count286
\c@refsection=\count287
\c@refsegment=\count288
\c@maxextratitle=\count289
\c@maxextratitleyear=\count290
\c@maxextraname=\count291
\c@maxextradate=\count292
\c@maxextraalpha=\count293
\c@abbrvpenalty=\count294
\c@highnamepenalty=\count295
\c@lownamepenalty=\count296
\c@maxparens=\count297
\c@parenlevel=\count298
\blx@tempcnta=\count299
\blx@tempcntb=\count300
\blx@tempcntc=\count301
\blx@maxsection=\count302
\blx@maxsegment@0=\count303
\blx@notetype=\count304
\blx@parenlevel@text=\count305
\blx@parenlevel@foot=\count306
\blx@sectionciteorder@0=\count307
\blx@entrysetcounter=\count308
\blx@biblioinstance=\count309
\labelnumberwidth=\skip52
\labelalphawidth=\skip53
\biblabelsep=\skip54
\bibitemsep=\skip55
\bibnamesep=\skip56
\bibinitsep=\skip57
\bibparsep=\skip58
\bibhang=\skip59
\blx@bcfin=\read2
\blx@bcfout=\write3
\blx@langwohyphens=\language87
\c@mincomprange=\count310
\c@maxcomprange=\count311
\c@mincompwidth=\count312
Package biblatex Info: Trying to load biblatex default data model...
Package biblatex Info: ... file 'blx-dm.def' found.

(/usr/local/texlive/2021/texmf-dist/tex/latex/biblatex/blx-dm.def
File: blx-dm.def 2020/12/31 v3.16 biblatex localization (PK/MW)
)
Package biblatex Info: Trying to load biblatex style data model...
Package biblatex Info: ... file 'authoryear-comp.dbx' not found.
Package biblatex Info: Trying to load biblatex custom data model...
Package biblatex Info: ... file 'biblatex-dm.cfg' not found.
\c@afterword=\count313
\c@savedafterword=\count314
\c@annotator=\count315
\c@savedannotator=\count316
\c@author=\count317
\c@savedauthor=\count318
\c@bookauthor=\count319
\c@savedbookauthor=\count320
\c@commentator=\count321
\c@savedcommentator=\count322
\c@editor=\count323
\c@savededitor=\count324
\c@editora=\count325
\c@savededitora=\count326
\c@editorb=\count327
\c@savededitorb=\count328
\c@editorc=\count329
\c@savededitorc=\count330
\c@foreword=\count331
\c@savedforeword=\count332
\c@holder=\count333
\c@savedholder=\count334
\c@introduction=\count335
\c@savedintroduction=\count336
\c@namea=\count337
\c@savednamea=\count338
\c@nameb=\count339
\c@savednameb=\count340
\c@namec=\count341
\c@savednamec=\count342
\c@translator=\count343
\c@savedtranslator=\count344
\c@shortauthor=\count345
\c@savedshortauthor=\count346
\c@shorteditor=\count347
\c@savedshorteditor=\count348
\c@labelname=\count349
\c@savedlabelname=\count350
\c@institution=\count351
\c@savedinstitution=\count352
\c@lista=\count353
\c@savedlista=\count354
\c@listb=\count355
\c@savedlistb=\count356
\c@listc=\count357
\c@savedlistc=\count358
\c@listd=\count359
\c@savedlistd=\count360
\c@liste=\count361
\c@savedliste=\count362
\c@listf=\count363
\c@savedlistf=\count364
\c@location=\count365
\c@savedlocation=\count366
\c@organization=\count367
\c@savedorganization=\count368
\c@origlocation=\count369
\c@savedoriglocation=\count370
\c@origpublisher=\count371
\c@savedorigpublisher=\count372
\c@publisher=\count373
\c@savedpublisher=\count374
\c@language=\count375
\c@savedlanguage=\count376
\c@origlanguage=\count377
\c@savedoriglanguage=\count378
\c@pageref=\count379
\c@savedpageref=\count380
\shorthandwidth=\skip60
\shortjournalwidth=\skip61
\shortserieswidth=\skip62
\shorttitlewidth=\skip63
\shortauthorwidth=\skip64
\shorteditorwidth=\skip65
\locallabelnumberwidth=\skip66
\locallabelalphawidth=\skip67
\localshorthandwidth=\skip68
\localshortjournalwidth=\skip69
\localshortserieswidth=\skip70
\localshorttitlewidth=\skip71
\localshortauthorwidth=\skip72
\localshorteditorwidth=\skip73
Package biblatex Info: Trying to load compatibility code...
Package biblatex Info: ... file 'blx-compat.def' found.

(/usr/local/texlive/2021/texmf-dist/tex/latex/biblatex/blx-compat.def
File: blx-compat.def 2020/12/31 v3.16 biblatex compatibility (PK/MW)
)
Package biblatex Info: Trying to load generic definitions...
Package biblatex Info: ... file 'biblatex.def' found.

(/usr/local/texlive/2021/texmf-dist/tex/latex/biblatex/biblatex.def
File: biblatex.def 2020/12/31 v3.16 biblatex compatibility (PK/MW)
\c@textcitecount=\count381
\c@textcitetotal=\count382
\c@textcitemaxnames=\count383
\c@biburlbigbreakpenalty=\count384
\c@biburlbreakpenalty=\count385
\c@biburlnumpenalty=\count386
\c@biburlucpenalty=\count387
\c@biburllcpenalty=\count388
\biburlbigskip=\muskip18
\biburlnumskip=\muskip19
\biburlucskip=\muskip20
\biburllcskip=\muskip21
\c@smartand=\count389
)
Package biblatex Info: Trying to load natbib compatibility...
Package biblatex Info: ... file 'blx-natbib.def' found.

(/usr/local/texlive/2021/texmf-dist/tex/latex/biblatex/blx-natbib.def
File: blx-natbib.def 2020/12/31 v3.16 biblatex compatibility (PK/MW)
Package biblatex Info: Delimiter 'nameyeardelim' in context '' already defined,
 overwriting.
)
Package biblatex Info: Trying to load bibliography style 'authoryear-comp'...
Package biblatex Info: ... file 'authoryear-comp.bbx' found.

(/usr/local/texlive/2021/texmf-dist/tex/latex/biblatex/bbx/authoryear-comp.bbx
File: authoryear-comp.bbx 2020/12/31 v3.16 biblatex bibliography style (PK/MW)
Package biblatex Info: Trying to load bibliography style 'authoryear'...
Package biblatex Info: ... file 'authoryear.bbx' found.

(/usr/local/texlive/2021/texmf-dist/tex/latex/biblatex/bbx/authoryear.bbx
File: authoryear.bbx 2020/12/31 v3.16 biblatex bibliography style (PK/MW)
Package biblatex Info: Trying to load bibliography style 'standard'...
Package biblatex Info: ... file 'standard.bbx' found.

(/usr/local/texlive/2021/texmf-dist/tex/latex/biblatex/bbx/standard.bbx
File: standard.bbx 2020/12/31 v3.16 biblatex bibliography style (PK/MW)
\c@bbx:relatedcount=\count390
\c@bbx:relatedtotal=\count391
)))
Package biblatex Info: Trying to load citation style 'authoryear-comp'...
Package biblatex Info: ... file 'authoryear-comp.cbx' found.

(/usr/local/texlive/2021/texmf-dist/tex/latex/biblatex/cbx/authoryear-comp.cbx
File: authoryear-comp.cbx 2020/12/31 v3.16 biblatex citation style (PK/MW)
Package biblatex Info: Redefining '\cite'.
Package biblatex Info: Redefining '\parencite'.
Package biblatex Info: Redefining '\footcite'.
Package biblatex Info: Redefining '\footcitetext'.
Package biblatex Info: Redefining '\smartcite'.
Package biblatex Info: Redefining '\textcite'.
Package biblatex Info: Redefining '\textcites'.
Package biblatex Info: Redefining '\cites'.
Package biblatex Info: Redefining '\parencites'.
Package biblatex Info: Redefining '\footcites'.
Package biblatex Info: Redefining '\footcitetexts'.
Package biblatex Info: Redefining '\smartcites'.
)
Package biblatex Info: Trying to load configuration file...
Package biblatex Info: ... file 'biblatex.cfg' found.
(/usr/local/texlive/2021/texmf-dist/tex/latex/biblatex/biblatex.cfg
File: biblatex.cfg 
))
(/usr/local/texlive/2021/texmf-dist/tex/latex/float/float.sty
Package: float 2001/11/08 v1.3d Float enhancements (AL)
\c@float@type=\count392
\float@exts=\toks21
\float@box=\box49
\@float@everytoks=\toks22
\@floatcapt=\box50
)
(/usr/local/texlive/2021/texmf-dist/tex/latex/caption/caption.sty
Package: caption 2020/10/26 v3.5g Customizing captions (AR)

(/usr/local/texlive/2021/texmf-dist/tex/latex/caption/caption3.sty
Package: caption3 2020/10/21 v2.2e caption3 kernel (AR)
\captionmargin=\dimen148
\captionmargin@=\dimen149
\captionwidth=\dimen150
\caption@tempdima=\dimen151
\caption@indent=\dimen152
\caption@parindent=\dimen153
\caption@hangindent=\dimen154
Package caption Info: Standard document class detected.
)
\c@caption@flags=\count393
\c@continuedfloat=\count394
Package caption Info: float package is loaded.
)
(/usr/local/texlive/2021/texmf-dist/tex/latex/fancyhdr/fancyhdr.sty
Package: fancyhdr 2021/01/28 v4.0.1 Extensive control of page headers and foote
rs
\f@nch@headwidth=\skip74
\f@nch@O@elh=\skip75
\f@nch@O@erh=\skip76
\f@nch@O@olh=\skip77
\f@nch@O@orh=\skip78
\f@nch@O@elf=\skip79
\f@nch@O@erf=\skip80
\f@nch@O@olf=\skip81
\f@nch@O@orf=\skip82
)
(/usr/local/texlive/2021/texmf-dist/tex/latex/fancybox/fancybox.sty
Package: fancybox 2010/05/15 1.4

Style option: `fancybox' v1.4 <2010/05/15> (tvz)
\@fancybox=\box51
\shadowsize=\dimen155
\@Sbox=\box52
\do@VerbBox=\toks23
\the@fancyput=\toks24
\this@fancyput=\toks25
\EndVerbatimTokens=\toks26
\Verbatim@Outfile=\write4
\Verbatim@Infile=\read3
) (./bu_ece_thesis.sty
(/usr/local/texlive/2021/texmf-dist/tex/latex/setspace/setspace.sty
Package: setspace 2011/12/19 v6.7a set line spacing
)
\degree=\count395
\numadvisors=\count396
\@approvalreader=\box53
)
(/usr/local/texlive/2021/texmf-dist/tex/latex/graphics/lscape.sty
Package: lscape 2020/05/28 v3.02 Landscape Pages (DPC)

(/usr/local/texlive/2021/texmf-dist/tex/latex/graphics/graphics.sty
Package: graphics 2020/08/30 v1.4c Standard LaTeX Graphics (DPC,SPQR)

(/usr/local/texlive/2021/texmf-dist/tex/latex/graphics/trig.sty
Package: trig 2016/01/03 v1.10 sin cos tan (DPC)
)
(/usr/local/texlive/2021/texmf-dist/tex/latex/graphics-cfg/graphics.cfg
File: graphics.cfg 2016/06/04 v1.11 sample graphics configuration
)
Package graphics Info: Driver file: pdftex.def on input line 105.

(/usr/local/texlive/2021/texmf-dist/tex/latex/graphics-def/pdftex.def
File: pdftex.def 2020/10/05 v1.2a Graphics/color driver for pdftex
)))
(/usr/local/texlive/2021/texmf-dist/tex/latex/tools/afterpage.sty
Package: afterpage 2014/10/28 v1.08 After-Page Package (DPC)
\AP@output=\toks27
\AP@partial=\box54
\AP@footins=\box55
)
(/usr/local/texlive/2021/texmf-dist/tex/latex/tools/xspace.sty
Package: xspace 2014/10/28 v1.13 Space after command names (DPC,MH)
)
(/usr/local/texlive/2021/texmf-dist/tex/latex/epstopdf-pkg/epstopdf.sty
Package: epstopdf 2020-01-24 v2.11 Conversion with epstopdf on the fly (HO)

(/usr/local/texlive/2021/texmf-dist/tex/latex/grfext/grfext.sty
Package: grfext 2019/12/03 v1.3 Manage graphics extensions (HO)

(/usr/local/texlive/2021/texmf-dist/tex/generic/kvdefinekeys/kvdefinekeys.sty
Package: kvdefinekeys 2019-12-19 v1.6 Define keys (HO)
)) (/usr/local/texlive/2021/texmf-dist/tex/latex/epstopdf-pkg/epstopdf-base.sty
Package: epstopdf-base 2020-01-24 v2.11 Base part for package epstopdf
Package epstopdf-base Info: Redefining graphics rule for `.eps' on input line 4
85.
Package grfext Info: Graphics extension search list:
(grfext)             [.pdf,.png,.jpg,.mps,.jpeg,.jbig2,.jb2,.PDF,.PNG,.JPG,.JPE
G,.JBIG2,.JB2,.eps]
(grfext)             \AppendGraphicsExtensions on input line 504.

(/usr/local/texlive/2021/texmf-dist/tex/latex/latexconfig/epstopdf-sys.cfg
File: epstopdf-sys.cfg 2010/07/13 v1.3 Configuration of (r)epstopdf for TeX Liv
e
)))
(/usr/local/texlive/2021/texmf-dist/tex/latex/placeins/placeins.sty
Package: placeins 2005/04/18  v 2.2
)
(/usr/local/texlive/2021/texmf-dist/tex/latex/multirow/multirow.sty
Package: multirow 2021/03/15 v2.8 Span multiple rows of a table
\multirow@colwidth=\skip83
\multirow@cntb=\count397
\multirow@dima=\skip84
\bigstrutjot=\dimen156
)
(/usr/local/texlive/2021/texmf-dist/tex/latex/siunitx/siunitx.sty
(/usr/local/texlive/2021/texmf-dist/tex/latex/l3kernel/expl3.sty
Package: expl3 2021-02-18 L3 programming layer (loader) 

(/usr/local/texlive/2021/texmf-dist/tex/latex/l3backend/l3backend-pdftex.def
File: l3backend-pdftex.def 2021-03-18 L3 backend support: PDF output (pdfTeX)
\l__color_backend_stack_int=\count398
\l__pdf_internal_box=\box56
))
(/usr/local/texlive/2021/texmf-dist/tex/latex/l3packages/xparse/xparse.sty
(/usr/local/texlive/2021/texmf-dist/tex/latex/l3packages/xparse/xparse-2020-10-
01.sty
(/usr/local/texlive/2021/texmf-dist/tex/latex/l3packages/xparse/xparse-generic.
tex)))
Package: siunitx 2020/02/25 v2.8b A comprehensive (SI) units package
 (/usr/local/texlive/2021/texmf-dist/tex/latex/tools/array.sty
Package: array 2020/10/01 v2.5c Tabular extension package (FMi)
\col@sep=\dimen157
\ar@mcellbox=\box57
\extrarowheight=\dimen158
\NC@list=\toks28
\extratabsurround=\skip85
\backup@length=\skip86
\ar@cellbox=\box58
)
(/usr/local/texlive/2021/texmf-dist/tex/latex/l3packages/l3keys2e/l3keys2e.sty
Package: l3keys2e 2021-03-12 LaTeX2e option processing using LaTeX3 keys
)
\l__siunitx_tmp_box=\box59
\l__siunitx_tmp_dim=\dimen159
\l__siunitx_tmp_int=\count399
\l__siunitx_number_mantissa_length_int=\count400
\l__siunitx_number_uncert_length_int=\count401
\l__siunitx_round_int=\count402
\l__siunitx_process_decimal_int=\count403
\l__siunitx_process_uncertainty_int=\count404
\l__siunitx_process_fixed_int=\count405
\l__siunitx_process_integer_min_int=\count406
\l__siunitx_process_precision_int=\count407
\l__siunitx_group_min_int=\count408
\l__siunitx_angle_marker_box=\box60
\l__siunitx_angle_unit_box=\box61
\l__siunitx_angle_marker_dim=\dimen160
\l__siunitx_angle_unit_dim=\dimen161
\l__siunitx_unit_int=\count409
\l__siunitx_unit_denominator_int=\count410
\l__siunitx_unit_numerator_int=\count411
\l__siunitx_unit_prefix_int=\count412
\l__siunitx_unit_prefix_base_int=\count413
\l__siunitx_unit_prefix_gram_int=\count414
\l__siunitx_number_product_int=\count415
\c__siunitx_one_fill_skip=\skip87
\l__siunitx_table_unit_align_skip=\skip88
\l__siunitx_table_exponent_dim=\dimen162
\l__siunitx_table_integer_dim=\dimen163
\l__siunitx_table_mantissa_dim=\dimen164
\l__siunitx_table_marker_dim=\dimen165
\l__siunitx_table_result_dim=\dimen166
\l__siunitx_table_uncert_dim=\dimen167
\l__siunitx_table_fill_pre_dim=\dimen168
\l__siunitx_table_fill_post_dim=\dimen169
\l__siunitx_table_fill_mid_dim=\dimen170
\l__siunitx_table_pre_box=\box62
\l__siunitx_table_post_box=\box63
\l__siunitx_table_mantissa_box=\box64
\l__siunitx_table_result_box=\box65
\l__siunitx_table_number_align_skip=\skip89
\l__siunitx_table_text_align_skip=\skip90
(/usr/local/texlive/2021/texmf-dist/tex/latex/translator/translator.sty
Package: translator 2020-08-03 v1.12c Easy translation of strings in LaTeX
))
(/usr/local/texlive/2021/texmf-dist/tex/latex/enumitem/enumitem.sty
Package: enumitem 2019/06/20 v3.9 Customized lists
\labelindent=\skip91
\enit@outerparindent=\dimen171
\enit@toks=\toks29
\enit@inbox=\box66
\enit@count@id=\count416
\enitdp@description=\count417
)
(/usr/local/texlive/2021/texmf-dist/tex/latex/xcolor/xcolor.sty
Package: xcolor 2016/05/11 v2.12 LaTeX color extensions (UK)

(/usr/local/texlive/2021/texmf-dist/tex/latex/graphics-cfg/color.cfg
File: color.cfg 2016/01/02 v1.6 sample color configuration
)
Package xcolor Info: Driver file: pdftex.def on input line 225.
Package xcolor Info: Model `cmy' substituted by `cmy0' on input line 1348.
Package xcolor Info: Model `hsb' substituted by `rgb' on input line 1352.
Package xcolor Info: Model `RGB' extended on input line 1364.
Package xcolor Info: Model `HTML' substituted by `rgb' on input line 1366.
Package xcolor Info: Model `Hsb' substituted by `hsb' on input line 1367.
Package xcolor Info: Model `tHsb' substituted by `hsb' on input line 1368.
Package xcolor Info: Model `HSB' substituted by `hsb' on input line 1369.
Package xcolor Info: Model `Gray' substituted by `gray' on input line 1370.
Package xcolor Info: Model `wave' substituted by `hsb' on input line 1371.
)
(/usr/local/texlive/2021/texmf-dist/tex/latex/tools/tabularx.sty
Package: tabularx 2020/01/15 v2.11c `tabularx' package (DPC)
\TX@col@width=\dimen172
\TX@old@table=\dimen173
\TX@old@col=\dimen174
\TX@target=\dimen175
\TX@delta=\dimen176
\TX@cols=\count418
\TX@ftn=\toks30
)
(/usr/local/texlive/2021/texmf-dist/tex/latex/graphics/graphicx.sty
Package: graphicx 2020/09/09 v1.2b Enhanced LaTeX Graphics (DPC,SPQR)
\Gin@req@height=\dimen177
\Gin@req@width=\dimen178
)
(/usr/local/texlive/2021/texmf-dist/tex/latex/caption/subcaption.sty
Package: subcaption 2020/10/07 v1.3j Sub-captions (AR)
\c@subfigure=\count419
\c@subtable=\count420
)
(/usr/local/texlive/2021/texmf-dist/tex/latex/parskip/parskip.sty
Package: parskip 2021-03-14 v2.0h non-zero parskip adjustments
)
(/usr/local/texlive/2021/texmf-dist/tex/latex/lineno/lineno.sty
Package: lineno 2005/11/02 line numbers on paragraphs v4.41
\linenopenalty=\count421
\output=\toks31
\linenoprevgraf=\count422
\linenumbersep=\dimen179
\linenumberwidth=\dimen180
\c@linenumber=\count423
\c@pagewiselinenumber=\count424
\c@LN@truepage=\count425
\c@internallinenumber=\count426
\c@internallinenumbers=\count427
\quotelinenumbersep=\dimen181
\bframerule=\dimen182
\bframesep=\dimen183
\bframebox=\box67
LaTeX Info: Redefining \\ on input line 3056.
)
(/usr/local/texlive/2021/texmf-dist/tex/latex/titlesec/titlesec.sty
Package: titlesec 2019/10/16 v2.13 Sectioning titles
\ttl@box=\box68
\beforetitleunit=\skip92
\aftertitleunit=\skip93
\ttl@plus=\dimen184
\ttl@minus=\dimen185
\ttl@toksa=\toks32
\titlewidth=\dimen186
\titlewidthlast=\dimen187
\titlewidthfirst=\dimen188
)
(/usr/local/texlive/2021/texmf-dist/tex/latex/base/inputenc.sty
Package: inputenc 2020/08/01 v1.3d Input encoding file
\inpenc@prehook=\toks33
\inpenc@posthook=\toks34
)
(/usr/local/texlive/2021/texmf-dist/tex/latex/appendix/appendix.sty
Package: appendix 2020/02/08 v1.2c extra appendix facilities
\c@@pps=\count428
\c@@ppsavesec=\count429
\c@@ppsaveapp=\count430
)
(/usr/local/texlive/2021/texmf-dist/tex/latex/hyperref/hyperref.sty
Package: hyperref 2021-02-27 v7.00k Hypertext links for LaTeX

(/usr/local/texlive/2021/texmf-dist/tex/generic/pdfescape/pdfescape.sty
Package: pdfescape 2019/12/09 v1.15 Implements pdfTeX's escape features (HO)
)
(/usr/local/texlive/2021/texmf-dist/tex/latex/hycolor/hycolor.sty
Package: hycolor 2020-01-27 v1.10 Color options for hyperref/bookmark (HO)
)
(/usr/local/texlive/2021/texmf-dist/tex/latex/letltxmacro/letltxmacro.sty
Package: letltxmacro 2019/12/03 v1.6 Let assignment for LaTeX macros (HO)
)
(/usr/local/texlive/2021/texmf-dist/tex/latex/auxhook/auxhook.sty
Package: auxhook 2019-12-17 v1.6 Hooks for auxiliary files (HO)
)
\@linkdim=\dimen189
\Hy@linkcounter=\count431
\Hy@pagecounter=\count432

(/usr/local/texlive/2021/texmf-dist/tex/latex/hyperref/pd1enc.def
File: pd1enc.def 2021-02-27 v7.00k Hyperref: PDFDocEncoding definition (HO)
Now handling font encoding PD1 ...
... no UTF-8 mapping file for font encoding PD1
)
(/usr/local/texlive/2021/texmf-dist/tex/latex/hyperref/hyperref-langpatches.def
File: hyperref-langpatches.def 2021-02-27 v7.00k Hyperref: patches for babel la
nguages
) (/usr/local/texlive/2021/texmf-dist/tex/generic/intcalc/intcalc.sty
Package: intcalc 2019/12/15 v1.3 Expandable calculations with integers (HO)
)
(/usr/local/texlive/2021/texmf-dist/tex/generic/etexcmds/etexcmds.sty
Package: etexcmds 2019/12/15 v1.7 Avoid name clashes with e-TeX commands (HO)
)
\Hy@SavedSpaceFactor=\count433

(/usr/local/texlive/2021/texmf-dist/tex/latex/hyperref/puenc.def
File: puenc.def 2021-02-27 v7.00k Hyperref: PDF Unicode definition (HO)
Now handling font encoding PU ...
... no UTF-8 mapping file for font encoding PU
)

! Package hyperref Error: Wrong DVI mode driver option `ps2pdf',
(hyperref)                because pdfTeX or LuaTeX is running in PDF mode.

See the hyperref package documentation for explanation.
Type  H <return>  for immediate help.
 ...                                              
                                                  
l.4073 \ProcessKeyvalOptions{Hyp}
                                 
Try typing  <return>  to proceed.
If that doesn't work, type  X <return>  to quit.

Package hyperref Info: Option `bookmarks' set `true' on input line 4073.
Package hyperref Info: Option `bookmarksnumbered' set `true' on input line 4073
.
Package hyperref Info: Option `hypertexnames' set `false' on input line 4073.
Package hyperref Info: Option `breaklinks' set `true' on input line 4073.
Package hyperref Info: Hyper figures OFF on input line 4192.
Package hyperref Info: Link nesting OFF on input line 4197.
Package hyperref Info: Hyper index ON on input line 4200.
Package hyperref Info: Plain pages OFF on input line 4207.
Package hyperref Info: Backreferencing OFF on input line 4212.
Package hyperref Info: Implicit mode ON; LaTeX internals redefined.
Package hyperref Info: Bookmarks ON on input line 4445.
\c@Hy@tempcnt=\count434
LaTeX Info: Redefining \url on input line 4804.
\XeTeXLinkMargin=\dimen190
(/usr/local/texlive/2021/texmf-dist/tex/generic/bitset/bitset.sty
Package: bitset 2019/12/09 v1.3 Handle bit-vector datatype (HO)

(/usr/local/texlive/2021/texmf-dist/tex/generic/bigintcalc/bigintcalc.sty
Package: bigintcalc 2019/12/15 v1.5 Expandable calculations on big integers (HO
)
))
\Fld@menulength=\count435
\Field@Width=\dimen191
\Fld@charsize=\dimen192
Package hyperref Info: Hyper figures OFF on input line 6075.
Package hyperref Info: Link nesting OFF on input line 6080.
Package hyperref Info: Hyper index ON on input line 6083.
Package hyperref Info: backreferencing OFF on input line 6090.
Package hyperref Info: Link coloring OFF on input line 6095.
Package hyperref Info: Link coloring with OCG OFF on input line 6100.
Package hyperref Info: PDF/A mode OFF on input line 6105.
LaTeX Info: Redefining \ref on input line 6145.
LaTeX Info: Redefining \pageref on input line 6149.

(/usr/local/texlive/2021/texmf-dist/tex/latex/base/atbegshi-ltx.sty
Package: atbegshi-ltx 2020/08/17 v1.0a Emulation of the original atbegshi packa
ge
with kernel methods
)
\Hy@abspage=\count436
\c@Item=\count437
\c@Hfootnote=\count438
)
Package hyperref Info: Driver (autodetected): hpdftex.

(/usr/local/texlive/2021/texmf-dist/tex/latex/hyperref/hpdftex.def
File: hpdftex.def 2021-02-27 v7.00k Hyperref driver for pdfTeX

(/usr/local/texlive/2021/texmf-dist/tex/latex/base/atveryend-ltx.sty
Package: atveryend-ltx 2020/08/19 v1.0a Emulation of the original atvery packag
e
with kernel methods
)
\Fld@listcount=\count439
\c@bookmark@seq@number=\count440

(/usr/local/texlive/2021/texmf-dist/tex/latex/rerunfilecheck/rerunfilecheck.sty
Package: rerunfilecheck 2019/12/05 v1.9 Rerun checks for auxiliary files (HO)

(/usr/local/texlive/2021/texmf-dist/tex/generic/uniquecounter/uniquecounter.sty
Package: uniquecounter 2019/12/15 v1.4 Provide unlimited unique counter (HO)
)
Package uniquecounter Info: New unique counter `rerunfilecheck' on input line 2
86.
)
\Hy@SectionHShift=\skip94
)
\@quotelevel=\count441
\@quotereset=\count442
 (./thesis.aux (./0_Prelim/prelim.aux) (./1_Intro/intro.aux)
(./2_Pub1/body.aux) (./3_Pub2/body.aux) (./5_Conclusions/conclusions.aux)
(./Appendix/Appendix.aux))
\openout1 = `thesis.aux'.

LaTeX Font Info:    Checking defaults for OML/cmm/m/it on input line 75.
LaTeX Font Info:    ... okay on input line 75.
LaTeX Font Info:    Checking defaults for OMS/cmsy/m/n on input line 75.
LaTeX Font Info:    ... okay on input line 75.
LaTeX Font Info:    Checking defaults for OT1/cmr/m/n on input line 75.
LaTeX Font Info:    ... okay on input line 75.
LaTeX Font Info:    Checking defaults for T1/cmr/m/n on input line 75.
LaTeX Font Info:    ... okay on input line 75.
LaTeX Font Info:    Checking defaults for TS1/cmr/m/n on input line 75.
LaTeX Font Info:    ... okay on input line 75.
LaTeX Font Info:    Checking defaults for OMX/cmex/m/n on input line 75.
LaTeX Font Info:    ... okay on input line 75.
LaTeX Font Info:    Checking defaults for U/cmr/m/n on input line 75.
LaTeX Font Info:    ... okay on input line 75.
LaTeX Font Info:    Checking defaults for PD1/pdf/m/n on input line 75.
LaTeX Font Info:    ... okay on input line 75.
LaTeX Font Info:    Checking defaults for PU/pdf/m/n on input line 75.
LaTeX Font Info:    ... okay on input line 75.
Package biblatex Info: Trying to load language 'english'...
Package biblatex Info: ... file 'english.lbx' found.

(/usr/local/texlive/2021/texmf-dist/tex/latex/biblatex/lbx/english.lbx
File: english.lbx 2020/12/31 v3.16 biblatex localization (PK/MW)
)
Package biblatex Info: Input encoding 'utf8' detected.
Package biblatex Info: Data encoding 'utf8' specified.
(biblatex)             No need to reencode data.
Package biblatex Info: Document encoding is UTF8 ....
Package biblatex Info: ... and expl3
(biblatex)             2021-02-18 L3 programming layer (loader) 
(biblatex)             is new enough (at least 2020/04/06),
(biblatex)             setting 'casechanger=expl3'.

(/usr/local/texlive/2021/texmf-dist/tex/latex/biblatex/blx-case-expl3.sty
Package: blx-case-expl3 2020/12/31 v3.16 expl3 case changing code for biblatex
)
\openout3 = `thesis.bcf'.

Package biblatex Info: Trying to load bibliographic data...
Package biblatex Info: ... file 'thesis.bbl' found.

(./thesis.bbl)
Package biblatex Info: Reference section=0 on input line 75.
Package biblatex Info: Reference segment=0 on input line 75.
Package caption Info: Begin \AtBeginDocument code.
Package caption Info: hyperref package is loaded.
Package caption Info: End \AtBeginDocument code.

(/usr/local/texlive/2021/texmf-dist/tex/context/base/mkii/supp-pdf.mkii
[Loading MPS to PDF converter (version 2006.09.02).]
\scratchcounter=\count443
\scratchdimen=\dimen193
\scratchbox=\box69
\nofMPsegments=\count444
\nofMParguments=\count445
\everyMPshowfont=\toks35
\MPscratchCnt=\count446
\MPscratchDim=\dimen194
\MPnumerator=\count447
\makeMPintoPDFobject=\count448
\everyMPtoPDFconversion=\toks36
)
(/usr/local/texlive/2021/texmf-dist/tex/latex/siunitx/siunitx-abbreviations.cfg
File: siunitx-abbreviations.cfg 2017/11/26 v2.7k siunitx: Abbreviated units
)
(/usr/local/texlive/2021/texmf-dist/tex/latex/translator/translator-basic-dicti
onary-English.dict
Dictionary: translator-basic-dictionary, Language: English 
)
Package hyperref Info: Link coloring OFF on input line 75.

(/usr/local/texlive/2021/texmf-dist/tex/latex/hyperref/nameref.sty
Package: nameref 2021-04-02 v2.47 Cross-referencing by name of section

(/usr/local/texlive/2021/texmf-dist/tex/latex/refcount/refcount.sty
Package: refcount 2019/12/15 v3.6 Data extraction from label references (HO)
)
(/usr/local/texlive/2021/texmf-dist/tex/generic/gettitlestring/gettitlestring.s
ty
Package: gettitlestring 2019/12/15 v1.6 Cleanup title references (HO)
)
\c@section@level=\count449
)
LaTeX Info: Redefining \ref on input line 75.
LaTeX Info: Redefining \pageref on input line 75.
LaTeX Info: Redefining \nameref on input line 75.
 (./thesis.out) (./thesis.out)
\@outlinefile=\write5
\openout5 = `thesis.out'.

LaTeX Font Info:    Trying to load font information for U+msa on input line 75.


(/usr/local/texlive/2021/texmf-dist/tex/latex/amsfonts/umsa.fd
File: umsa.fd 2013/01/14 v3.01 AMS symbols A
)
LaTeX Font Info:    Trying to load font information for U+msb on input line 75.


(/usr/local/texlive/2021/texmf-dist/tex/latex/amsfonts/umsb.fd
File: umsb.fd 2013/01/14 v3.01 AMS symbols B
)
\openout2 = `0_Prelim/prelim.aux'.


(./0_Prelim/prelim.tex
! Undefined control sequence.
<recently read> \@thisdegree 
                             
l.53 \cleardoublepage
                     
The control sequence at the end of the top line
of your error message was never \def'ed. If you have
misspelled it (e.g., `\hobx'), type `I' and the correct
spelling (e.g., `I\hbox'). Otherwise just continue,
and I'll forget about whatever was undefined.


! LaTeX Error: There's no line here to end.

See the LaTeX manual or LaTeX Companion for explanation.
Type  H <return>  for immediate help.
 ...                                              
                                                  
l.53 \cleardoublepage
                     
Your command was ignored.
Type  I <command> <return>  to replace it with another command,
or  <return>  to continue without it.

[1


{/usr/local/texlive/2021/texmf-var/fonts/map/pdftex/updmap/pdftex.map}]
(./0_Prelim/ack.tex) [2

] (./0_Prelim/abs.tex [3

]) [4] (./thesis.toc [5


])
\tf@toc=\write6
\openout6 = `thesis.toc'.


[6] (./thesis.lot)
\tf@lot=\write7
\openout7 = `thesis.lot'.

 [7


] (./thesis.lof [8


] [9] [10])
\tf@lof=\write8
\openout8 = `thesis.lof'.

 [11]
Overfull \hbox (39.17992pt too wide) in paragraph at lines 98--109
 [] 
 []

[12


])
\openout2 = `1_Intro/intro.aux'.

 (./1_Intro/intro.tex
Chapter 1.
<1_Intro//Figures/pbl_diagram.png, id=411, 586.19pt x 229.85875pt>
File: 1_Intro//Figures/pbl_diagram.png Graphic file (type png)
<use 1_Intro//Figures/pbl_diagram.png>
Package pdftex.def Info: 1_Intro//Figures/pbl_diagram.png  used on input line 1
4.
(pdftex.def)             Requested size: 216.81pt x 85.01483pt.
[1






 <./1_Intro//Figures/pbl_diagram.png>]
<1_Intro//Figures/ubl_diagram.png, id=424, 507.8975pt x 546.04pt>
File: 1_Intro//Figures/ubl_diagram.png Graphic file (type png)
<use 1_Intro//Figures/ubl_diagram.png>
Package pdftex.def Info: 1_Intro//Figures/ubl_diagram.png  used on input line 2
3.
(pdftex.def)             Requested size: 325.215pt x 349.6477pt.
 [2] [3 <./1_Intro//Figures/ubl_diagram.png>]
<1_Intro//Figures/isotherms.png, id=448, 864.22874pt x 478.78876pt>
File: 1_Intro//Figures/isotherms.png Graphic file (type png)
<use 1_Intro//Figures/isotherms.png>
Package pdftex.def Info: 1_Intro//Figures/isotherms.png  used on input line 39.

(pdftex.def)             Requested size: 325.215pt x 180.16632pt.
 [4] [5 <./1_Intro//Figures/isotherms.png>] [6]) [7]
\openout2 = `2_Pub1/body.aux'.

 (./2_Pub1/body.tex
Chapter 2.
[8





]

! Package inputenc Error: Unicode character ÃÅ (U+0301)
(inputenc)                not set up for use with LaTeX.

See the inputenc package documentation for explanation.
Type  H <return>  for immediate help.
 ...                                              
                                                  
l.25 ...2009, Mkhwanazi_2012, Ortega-Farias_2016}.
                                                    \citet{Miglietta_2009} d...

You may provide a definition with
\DeclareUnicodeCharacter 


! Package inputenc Error: Unicode character ÃÅ (U+0301)
(inputenc)                not set up for use with LaTeX.

See the inputenc package documentation for explanation.
Type  H <return>  for immediate help.
 ...                                              
                                                  
l.25 ...{Kim_2019} and \citet{Ortega-Farias_2016} 
                                                   showed promising results ...

You may provide a definition with
\DeclareUnicodeCharacter 

[9] [10] [11] [12]
<2_Pub1//Figures/fig1.pdf, id=610, 560.0925pt x 578.16pt>
File: 2_Pub1//Figures/fig1.pdf Graphic file (type pdf)
<use 2_Pub1//Figures/fig1.pdf>
Package pdftex.def Info: 2_Pub1//Figures/fig1.pdf  used on input line 48.
(pdftex.def)             Requested size: 433.62pt x 447.62827pt.


LaTeX Warning: `!h' float specifier changed to `!ht'.

[13]
Overfull \hbox (6.66988pt too wide) in paragraph at lines 57--58
\OT1/cmr/m/n/12 tur-bu-lence pa-ram-e-ter-i-za-tions based on scal-ing ar-gu-me
nts pre-sented by Monin-Obukhov
 []

[14 <./2_Pub1//Figures/fig1.pdf>]
<2_Pub1//Figures/fig2.pdf, id=654, 766.78468pt x 250.0542pt>
File: 2_Pub1//Figures/fig2.pdf Graphic file (type pdf)
<use 2_Pub1//Figures/fig2.pdf>
Package pdftex.def Info: 2_Pub1//Figures/fig2.pdf  used on input line 61.
(pdftex.def)             Requested size: 433.62pt x 141.40678pt.
LaTeX Font Info:    Trying to load font information for OML+cmr on input line 7
0.

(/usr/local/texlive/2021/texmf-dist/tex/latex/base/omlcmr.fd
File: omlcmr.fd 2019/12/16 v2.5j Standard LaTeX font definitions
)
LaTeX Font Info:    Font shape `OML/cmr/m/n' in size <12> not available
(Font)              Font shape `OML/cmm/m/it' tried instead on input line 70.
 [15 <./2_Pub1//Figures/fig2.pdf>] [16] [17] [18]
<2_Pub1//Figures/fig3.pdf, id=739, 686.565pt x 469.755pt>
File: 2_Pub1//Figures/fig3.pdf Graphic file (type pdf)
<use 2_Pub1//Figures/fig3.pdf>
Package pdftex.def Info: 2_Pub1//Figures/fig3.pdf  used on input line 143.
(pdftex.def)             Requested size: 325.215pt x 222.51234pt.
<2_Pub1//Figures/fig4.pdf, id=742, 567.52965pt x 499.53465pt>
File: 2_Pub1//Figures/fig4.pdf Graphic file (type pdf)
<use 2_Pub1//Figures/fig4.pdf>
Package pdftex.def Info: 2_Pub1//Figures/fig4.pdf  used on input line 150.
(pdftex.def)             Requested size: 325.215pt x 286.26216pt.


LaTeX Warning: `!h' float specifier changed to `!ht'.

[19 <./2_Pub1//Figures/fig3.pdf>]
Overfull \hbox (2.64772pt too wide) in paragraph at lines 162--163
\OT1/cmr/m/n/12 GOES-17, are op-er-ated by the Na-tional Aero-nau-tic and Space
 Ad-min-is-tra-tion (NASA)
 []

[20 <./2_Pub1//Figures/fig4.pdf>] [21] [22] [23] [24] [25]
! Undefined control sequence.
<argument> ...i=1}^{N}(Q_{H, i, observed} - \mean 
                                                  {Q_{H, observed}})^2
l.197 ...i, observed} - \mean{Q_{H, observed}})^2}
                                                  
The control sequence at the end of the top line
of your error message was never \def'ed. If you have
misspelled it (e.g., `\hobx'), type `I' and the correct
spelling (e.g., `I\hbox'). Otherwise just continue,
and I'll forget about whatever was undefined.

! Undefined control sequence.
<argument> ... _{i=1}^{N}(Q_{H, i, model} - \mean 
                                                  {Q_{H, i, observed}})^2
l.200 ...i, observed} - \mean{Q_{H, observed}})^2}
                                                  
The control sequence at the end of the top line
of your error message was never \def'ed. If you have
misspelled it (e.g., `\hobx'), type `I' and the correct
spelling (e.g., `I\hbox'). Otherwise just continue,
and I'll forget about whatever was undefined.

! Undefined control sequence.
<argument> ...i=1}^{N}(Q_{H, i, observed} - \mean 
                                                  {Q_{H, observed}})^2
l.200 ...i, observed} - \mean{Q_{H, observed}})^2}
                                                  
The control sequence at the end of the top line
of your error message was never \def'ed. If you have
misspelled it (e.g., `\hobx'), type `I' and the correct
spelling (e.g., `I\hbox'). Otherwise just continue,
and I'll forget about whatever was undefined.

<2_Pub1//Figures/fig5.pdf, id=883, 408.10028pt x 448.01442pt>
File: 2_Pub1//Figures/fig5.pdf Graphic file (type pdf)
<use 2_Pub1//Figures/fig5.pdf>
Package pdftex.def Info: 2_Pub1//Figures/fig5.pdf  used on input line 227.
(pdftex.def)             Requested size: 216.81pt x 238.0139pt.
[26]
<2_Pub1//Figures/fig6a.pdf, id=892, 408.10028pt x 448.01442pt>
File: 2_Pub1//Figures/fig6a.pdf Graphic file (type pdf)
<use 2_Pub1//Figures/fig6a.pdf>
Package pdftex.def Info: 2_Pub1//Figures/fig6a.pdf  used on input line 240.
(pdftex.def)             Requested size: 143.09538pt x 157.08768pt.
<2_Pub1//Figures/fig6b.pdf, id=893, 408.10028pt x 448.01442pt>
File: 2_Pub1//Figures/fig6b.pdf Graphic file (type pdf)
<use 2_Pub1//Figures/fig6b.pdf>
Package pdftex.def Info: 2_Pub1//Figures/fig6b.pdf  used on input line 244.
(pdftex.def)             Requested size: 143.09538pt x 157.08768pt.
<2_Pub1//Figures/fig6c.pdf, id=894, 414.62093pt x 448.01442pt>
File: 2_Pub1//Figures/fig6c.pdf Graphic file (type pdf)
<use 2_Pub1//Figures/fig6c.pdf>
Package pdftex.def Info: 2_Pub1//Figures/fig6c.pdf  used on input line 248.
(pdftex.def)             Requested size: 143.09538pt x 154.61983pt.


LaTeX Warning: `!h' float specifier changed to `!ht'.

<2_Pub1//Figures/fig7.pdf, id=895, 456.23605pt x 327.97029pt>
File: 2_Pub1//Figures/fig7.pdf Graphic file (type pdf)
<use 2_Pub1//Figures/fig7.pdf>
Package pdftex.def Info: 2_Pub1//Figures/fig7.pdf  used on input line 256.
(pdftex.def)             Requested size: 325.215pt x 233.79135pt.

LaTeX Warning: `!h' float specifier changed to `!ht'.

[27 <./2_Pub1//Figures/fig5.pdf>] [28 <./2_Pub1//Figures/fig6a.pdf> <./2_Pub1//
Figures/fig6b.pdf

pdfTeX warning: /Library/TeX/texbin/pdflatex (file ./2_Pub1//Figures/fig6b.pdf)
: PDF inclusion: multiple pdfs with page group included in a single page
> <./2_Pub1//Figures/fig6c.pdf

pdfTeX warning: /Library/TeX/texbin/pdflatex (file ./2_Pub1//Figures/fig6c.pdf)
: PDF inclusion: multiple pdfs with page group included in a single page
> <./2_Pub1//Figures/fig7.pdf

pdfTeX warning: /Library/TeX/texbin/pdflatex (file ./2_Pub1//Figures/fig7.pdf):
 PDF inclusion: multiple pdfs with page group included in a single page
>]
<2_Pub1//Figures/fig8.pdf, id=1248, 447.8769pt x 482.56287pt>
File: 2_Pub1//Figures/fig8.pdf Graphic file (type pdf)
<use 2_Pub1//Figures/fig8.pdf>
Package pdftex.def Info: 2_Pub1//Figures/fig8.pdf  used on input line 269.
(pdftex.def)             Requested size: 325.215pt x 350.39769pt.
 [29 <./2_Pub1//Figures/fig8.pdf>]
<2_Pub1//Figures/fig9.pdf, id=1327, 402.95544pt x 272.13011pt>
File: 2_Pub1//Figures/fig9.pdf Graphic file (type pdf)
<use 2_Pub1//Figures/fig9.pdf>
Package pdftex.def Info: 2_Pub1//Figures/fig9.pdf  used on input line 278.
(pdftex.def)             Requested size: 325.215pt x 219.63522pt.


pdfTeX warning: /Library/TeX/texbin/pdflatex (file ./2_Pub1//Figures/fig10.pdf)
: PDF inclusion: found PDF version <1.7>, but at most version <1.5> allowed
<2_Pub1//Figures/fig10.pdf, id=1328, 644.16661pt x 595.9866pt>
File: 2_Pub1//Figures/fig10.pdf Graphic file (type pdf)
<use 2_Pub1//Figures/fig10.pdf>
Package pdftex.def Info: 2_Pub1//Figures/fig10.pdf  used on input line 288.
(pdftex.def)             Requested size: 325.215pt x 300.66165pt.
[30 <./2_Pub1//Figures/fig9.pdf>] [31 <./2_Pub1//Figures/fig10.pdf>]
<2_Pub1//Figures/fig12.pdf, id=1396, 456.23605pt x 342.36783pt>
File: 2_Pub1//Figures/fig12.pdf Graphic file (type pdf)
<use 2_Pub1//Figures/fig12.pdf>
Package pdftex.def Info: 2_Pub1//Figures/fig12.pdf  used on input line 303.
(pdftex.def)             Requested size: 325.215pt x 244.05452pt.


LaTeX Warning: `!h' float specifier changed to `!ht'.



pdfTeX warning: /Library/TeX/texbin/pdflatex (file ./2_Pub1//Figures/fig13a.pdf
): PDF inclusion: found PDF version <1.7>, but at most version <1.5> allowed
<2_Pub1//Figures/fig13a.pdf, id=1397, 651.53337pt x 596.91708pt>
File: 2_Pub1//Figures/fig13a.pdf Graphic file (type pdf)
<use 2_Pub1//Figures/fig13a.pdf>
Package pdftex.def Info: 2_Pub1//Figures/fig13a.pdf  used on input line 312.
(pdftex.def)             Requested size: 197.29788pt x 180.4428pt.


pdfTeX warning: /Library/TeX/texbin/pdflatex (file ./2_Pub1//Figures/fig13b.pdf
): PDF inclusion: found PDF version <1.7>, but at most version <1.5> allowed
<2_Pub1//Figures/fig13b.pdf, id=1399, 786.69482pt x 596.91708pt>
File: 2_Pub1//Figures/fig13b.pdf Graphic file (type pdf)
<use 2_Pub1//Figures/fig13b.pdf>
Package pdftex.def Info: 2_Pub1//Figures/fig13b.pdf  used on input line 316.
(pdftex.def)             Requested size: 236.3221pt x 178.42587pt.

LaTeX Warning: `!h' float specifier changed to `!ht'.

[32]

LaTeX Warning: Text page 33 contains only floats.

[33 <./2_Pub1//Figures/fig13a.pdf> <./2_Pub1//Figures/fig13b.pdf> <./2_Pub1//Fi
gures/fig12.pdf

pdfTeX warning: /Library/TeX/texbin/pdflatex (file ./2_Pub1//Figures/fig12.pdf)
: PDF inclusion: multiple pdfs with page group included in a single page
>] [34]
Overfull \hbox (56.44371pt too wide) in paragraph at lines 340--362
 [][] 
 []


LaTeX Warning: `!h' float specifier changed to `!ht'.

<2_Pub1//Figures/fig11a.pdf, id=1514, 395.20775pt x 266.45265pt>
File: 2_Pub1//Figures/fig11a.pdf Graphic file (type pdf)
<use 2_Pub1//Figures/fig11a.pdf>
Package pdftex.def Info: 2_Pub1//Figures/fig11a.pdf  used on input line 368.
(pdftex.def)             Requested size: 208.13574pt x 140.32477pt.
<2_Pub1//Figures/fig11b.pdf, id=1515, 395.20775pt x 262.79053pt>
File: 2_Pub1//Figures/fig11b.pdf Graphic file (type pdf)
<use 2_Pub1//Figures/fig11b.pdf>
Package pdftex.def Info: 2_Pub1//Figures/fig11b.pdf  used on input line 372.
(pdftex.def)             Requested size: 208.13574pt x 138.39613pt.

LaTeX Warning: `!h' float specifier changed to `!ht'.

[35] [36 <./2_Pub1//Figures/fig11a.pdf> <./2_Pub1//Figures/fig11b.pdf

pdfTeX warning: /Library/TeX/texbin/pdflatex (file ./2_Pub1//Figures/fig11b.pdf
): PDF inclusion: multiple pdfs with page group included in a single page
>]

! Package inputenc Error: Unicode character ÃÅ (U+0301)
(inputenc)                not set up for use with LaTeX.

See the inputenc package documentation for explanation.
Type  H <return>  for immediate help.
 ...                                              
                                                  
l.384 ...1 W-$m^{-2}$. \citet{Ortega-Farias_2016} 
                                                  described using an unmanne...

You may provide a definition with
\DeclareUnicodeCharacter 

[37] [38] [39] [40] [41] [42] [43] [44] [45]) [46]
\openout2 = `3_Pub2/body.aux'.

 (./3_Pub2/body.tex
Chapter 3.
[47





]
Underfull \hbox (badness 10000) in paragraph at lines 22--26

 []

[48] [49] [50] [51]
<3_Pub2//Figures/nyc_map.png, id=1860, 254.8722pt x 240.1773pt>
File: 3_Pub2//Figures/nyc_map.png Graphic file (type png)
<use 3_Pub2//Figures/nyc_map.png>
Package pdftex.def Info: 3_Pub2//Figures/nyc_map.png  used on input line 54.
(pdftex.def)             Requested size: 325.215pt x 306.49503pt.
 [52] [53 <./3_Pub2//Figures/nyc_map.png>]

Package caption Warning: \captionsetup{type*=...} or \captionof
(caption)                outside box or environment on input line 62.
See the caption package documentation for explanation.


Package caption Warning: The option `hypcap=true' will be ignored for this
(caption)                particular \caption on input line 62.
See the caption package documentation for explanation.


Underfull \hbox (badness 10000) in paragraph at lines 74--74
[]|\OT1/cmr/m/n/12 40.8725\TS1/cmr/m/n/12 ∞\OT1/cmr/m/n/12 N, -
 []


Underfull \hbox (badness 10000) in paragraph at lines 74--74
[]|\OT1/cmr/m/n/12 40.7343\TS1/cmr/m/n/12 ∞\OT1/cmr/m/n/12 N, -
 []


Underfull \hbox (badness 10000) in paragraph at lines 74--74
[]|\OT1/cmr/m/n/12 40.6040\TS1/cmr/m/n/12 ∞\OT1/cmr/m/n/12 N, -
 []


Underfull \hbox (badness 10000) in paragraph at lines 74--74
[]|\OT1/cmr/m/n/12 Elevation (m
 []


Underfull \hbox (badness 10000) in paragraph at lines 74--74
\OT1/cmr/m/n/12 ing height (m
 []


Underfull \hbox (badness 10000) in paragraph at lines 74--74
[]|\OT1/cmr/m/n/12 Developed, high
 []


Underfull \hbox (badness 10000) in paragraph at lines 74--74
[]|\OT1/cmr/m/n/12 Developed,
 []


Underfull \hbox (badness 10000) in paragraph at lines 74--74
\OT1/cmr/m/n/12 medium den-
 []


Underfull \hbox (badness 10000) in paragraph at lines 74--74
[]|\OT1/cmr/m/n/12 Developed, low
 []


Underfull \hbox (badness 10000) in paragraph at lines 78--85

 []


Underfull \hbox (badness 10000) in paragraph at lines 78--85

 []


Underfull \hbox (badness 10000) in paragraph at lines 78--85

 []

[54] [55]
Underfull \hbox (badness 10000) in paragraph at lines 87--94

 []


Underfull \hbox (badness 10000) in paragraph at lines 87--94

 []


Underfull \hbox (badness 10000) in paragraph at lines 87--94

 []

[56] [57]
Underfull \hbox (badness 10000) in paragraph at lines 100--105

 []


Underfull \hbox (badness 10000) in paragraph at lines 100--105

 []

[58]
<3_Pub2//Figures/heat_wave-normal-anomaly.png, id=1937, 432.1746pt x 518.8986pt
>
File: 3_Pub2//Figures/heat_wave-normal-anomaly.png Graphic file (type png)
<use 3_Pub2//Figures/heat_wave-normal-anomaly.png>
Package pdftex.def Info: 3_Pub2//Figures/heat_wave-normal-anomaly.png  used on 
input line 109.
(pdftex.def)             Requested size: 325.215pt x 390.48734pt.
<3_Pub2//Figures/heat_wave-normal-profiles-surface.png, id=1938, 372.1905pt x 5
29.7391pt>
File: 3_Pub2//Figures/heat_wave-normal-profiles-surface.png Graphic file (type 
png)
<use 3_Pub2//Figures/heat_wave-normal-profiles-surface.png>
Package pdftex.def Info: 3_Pub2//Figures/heat_wave-normal-profiles-surface.png 
 used on input line 116.
(pdftex.def)             Requested size: 325.215pt x 462.8739pt.
<3_Pub2//Figures/vertical_profiles-heat_wave-normal-theta.png, id=1939, 361.109
1pt x 416.5161pt>
File: 3_Pub2//Figures/vertical_profiles-heat_wave-normal-theta.png Graphic file
 (type png)
<use 3_Pub2//Figures/vertical_profiles-heat_wave-normal-theta.png>
Package pdftex.def Info: 3_Pub2//Figures/vertical_profiles-heat_wave-normal-the
ta.png  used on input line 123.
(pdftex.def)             Requested size: 325.215pt x 375.12794pt.
 [59] [60 <./3_Pub2//Figures/heat_wave-normal-anomaly.png>] [61 <./3_Pub2//Figu
res/heat_wave-normal-profiles-surface.png>] [62 <./3_Pub2//Figures/vertical_pro
files-heat_wave-normal-theta.png>]
Underfull \hbox (badness 10000) in paragraph at lines 131--138

 []


Underfull \hbox (badness 10000) in paragraph at lines 131--138

 []


Underfull \hbox (badness 10000) in paragraph at lines 131--138

 []

[63

]
<3_Pub2//Figures/vertical_profiles-heat_wave-normal-q.png, id=1971, 361.1091pt 
x 416.5161pt>
File: 3_Pub2//Figures/vertical_profiles-heat_wave-normal-q.png Graphic file (ty
pe png)
<use 3_Pub2//Figures/vertical_profiles-heat_wave-normal-q.png>
Package pdftex.def Info: 3_Pub2//Figures/vertical_profiles-heat_wave-normal-q.p
ng  used on input line 141.
(pdftex.def)             Requested size: 325.215pt x 375.12794pt.
 [64]
Underfull \hbox (badness 10000) in paragraph at lines 151--156

 []


Underfull \hbox (badness 1102) in paragraph at lines 151--156
\OT1/cmr/m/n/12 Vertical pro-files of $\OML/cmm/m/it/12 U$ \OT1/cmr/m/n/12 for 
nor-mal and ex-treme heat events at spe-cific hours
 []


Underfull \hbox (badness 10000) in paragraph at lines 151--156

 []

[65 <./3_Pub2//Figures/vertical_profiles-heat_wave-normal-q.png>] [66]
<3_Pub2//Figures/vertical_profiles-heat_wave-normal-U.png, id=2000, 361.35pt x 
416.2752pt>
File: 3_Pub2//Figures/vertical_profiles-heat_wave-normal-U.png Graphic file (ty
pe png)
<use 3_Pub2//Figures/vertical_profiles-heat_wave-normal-U.png>
Package pdftex.def Info: 3_Pub2//Figures/vertical_profiles-heat_wave-normal-U.p
ng  used on input line 160.
(pdftex.def)             Requested size: 325.215pt x 374.65057pt.
<3_Pub2//Figures/wind_rose-bron.png, id=2001, 423.5022pt x 500.3493pt>
File: 3_Pub2//Figures/wind_rose-bron.png Graphic file (type png)
<use 3_Pub2//Figures/wind_rose-bron.png>
Package pdftex.def Info: 3_Pub2//Figures/wind_rose-bron.png  used on input line
 167.
(pdftex.def)             Requested size: 325.215pt x 384.2242pt.
 [67 <./3_Pub2//Figures/vertical_profiles-heat_wave-normal-U.png>]
<3_Pub2//Figures/wind_rose-quee.png, id=2009, 423.5022pt x 500.3493pt>
File: 3_Pub2//Figures/wind_rose-quee.png Graphic file (type png)
<use 3_Pub2//Figures/wind_rose-quee.png>
Package pdftex.def Info: 3_Pub2//Figures/wind_rose-quee.png  used on input line
 173.
(pdftex.def)             Requested size: 325.215pt x 384.2242pt.
<3_Pub2//Figures/wind_rose-stat.png, id=2010, 423.5022pt x 500.3493pt>
File: 3_Pub2//Figures/wind_rose-stat.png Graphic file (type png)
<use 3_Pub2//Figures/wind_rose-stat.png>
Package pdftex.def Info: 3_Pub2//Figures/wind_rose-stat.png  used on input line
 179.
(pdftex.def)             Requested size: 325.215pt x 384.2242pt.
 [68 <./3_Pub2//Figures/wind_rose-bron.png>] [69 <./3_Pub2//Figures/wind_rose-q
uee.png>] [70 <./3_Pub2//Figures/wind_rose-stat.png>]
Underfull \hbox (badness 10000) in paragraph at lines 187--190

 []


Underfull \hbox (badness 1721) in paragraph at lines 187--190
\OT1/cmr/m/n/12 Additionally, up-drafts ap-pear to be lesser in mag-ni-tude rel
-a-tive to nor-mal
 []

[71

]
<3_Pub2//Figures/vertical_profiles-heat_wave-normal-w.png, id=2038, 361.35pt x 
416.2752pt>
File: 3_Pub2//Figures/vertical_profiles-heat_wave-normal-w.png Graphic file (ty
pe png)
<use 3_Pub2//Figures/vertical_profiles-heat_wave-normal-w.png>
Package pdftex.def Info: 3_Pub2//Figures/vertical_profiles-heat_wave-normal-w.p
ng  used on input line 194.
(pdftex.def)             Requested size: 325.215pt x 374.65057pt.
<3_Pub2//Figures/case_studies/normal-heat_wave-comparison_20190726_20190729-bro
n.png, id=2039, 359.9046pt x 197.538pt>
File: 3_Pub2//Figures/case_studies/normal-heat_wave-comparison_20190726_2019072
9-bron.png Graphic file (type png)
<use 3_Pub2//Figures/case_studies/normal-heat_wave-comparison_20190726_20190729
-bron.png>
Package pdftex.def Info: 3_Pub2//Figures/case_studies/normal-heat_wave-comparis
on_20190726_20190729-bron.png  used on input line 202.
(pdftex.def)             Requested size: 325.215pt x 178.51198pt.
 [72 <./3_Pub2//Figures/vertical_profiles-heat_wave-normal-w.png>]
Underfull \hbox (badness 10000) in paragraph at lines 211--214

 []

[73 <./3_Pub2//Figures/case_studies/normal-heat_wave-comparison_20190726_201907
29-bron.png>]
<3_Pub2//Figures/sea_breeze-lst_sst-diff.png, id=2060, 281.853pt x 281.853pt>
File: 3_Pub2//Figures/sea_breeze-lst_sst-diff.png Graphic file (type png)
<use 3_Pub2//Figures/sea_breeze-lst_sst-diff.png>
Package pdftex.def Info: 3_Pub2//Figures/sea_breeze-lst_sst-diff.png  used on i
nput line 218.
(pdftex.def)             Requested size: 325.215pt x 325.22081pt.
<3_Pub2//Figures/sea_breeze-normal-anomaly.png, id=2061, 432.1746pt x 388.8126p
t>
File: 3_Pub2//Figures/sea_breeze-normal-anomaly.png Graphic file (type png)
<use 3_Pub2//Figures/sea_breeze-normal-anomaly.png>
Package pdftex.def Info: 3_Pub2//Figures/sea_breeze-normal-anomaly.png  used on
 input line 225.
(pdftex.def)             Requested size: 325.215pt x 292.59357pt.
<3_Pub2//Figures/sea_breeze_heat_wave-heat_wave_anomaly.png, id=2062, 432.1746p
t x 388.8126pt>
File: 3_Pub2//Figures/sea_breeze_heat_wave-heat_wave_anomaly.png Graphic file (
type png)
<use 3_Pub2//Figures/sea_breeze_heat_wave-heat_wave_anomaly.png>
Package pdftex.def Info: 3_Pub2//Figures/sea_breeze_heat_wave-heat_wave_anomaly
.png  used on input line 232.
(pdftex.def)             Requested size: 325.215pt x 292.59357pt.
 [74 <./3_Pub2//Figures/sea_breeze-lst_sst-diff.png>] [75 <./3_Pub2//Figures/se
a_breeze-normal-anomaly.png>] [76 <./3_Pub2//Figures/sea_breeze_heat_wave-heat_
wave_anomaly.png>]
Underfull \hbox (badness 10000) in paragraph at lines 240--243

 []


Underfull \hbox (badness 1226) in paragraph at lines 240--243
\OT1/cmr/m/n/12 During ex-treme heat events, ob-ser-va-tions show that the sea 
breeze plays a
 []

[77

]
Underfull \hbox (badness 10000) in paragraph at lines 245--252

 []


Underfull \hbox (badness 10000) in paragraph at lines 245--252

 []


Underfull \hbox (badness 10000) in paragraph at lines 245--252

 []

[78]
<3_Pub2//Figures/histogram-wind_direction-sea_breeze-100m.png, id=2100, 450.723
9pt x 312.9291pt>
File: 3_Pub2//Figures/histogram-wind_direction-sea_breeze-100m.png Graphic file
 (type png)
<use 3_Pub2//Figures/histogram-wind_direction-sea_breeze-100m.png>
Package pdftex.def Info: 3_Pub2//Figures/histogram-wind_direction-sea_breeze-10
0m.png  used on input line 256.
(pdftex.def)             Requested size: 325.215pt x 225.79103pt.
 [79]
Underfull \hbox (badness 10000) in paragraph at lines 266--277

 []


Underfull \hbox (badness 10000) in paragraph at lines 266--277

 []


Underfull \hbox (badness 10000) in paragraph at lines 266--277

 []


Underfull \hbox (badness 1033) in paragraph at lines 266--277
\OT1/cmr/m/n/12 Despite the ex-ten-sive re-sults pro-vided herein, ad-di-tional
 work is re-quired to
 []


Underfull \hbox (badness 10000) in paragraph at lines 266--277

 []

[80 <./3_Pub2//Figures/histogram-wind_direction-sea_breeze-100m.png>] [81]
[82] [83] [84]

Package caption Warning: The option `hypcap=true' will be ignored for this
(caption)                particular \caption on input line 312.
See the caption package documentation for explanation.

[85]) [86]
\openout2 = `5_Conclusions/conclusions.aux'.

 (./5_Conclusions/conclusions.tex
Chapter 4.
) [87





]
\openout2 = `Appendix/Appendix.aux'.

 (./Appendix/Appendix.tex
Appendix A.
) [88





]

! Package biblatex Error: '\bibliographystyle' invalid.

See the biblatex package documentation for explanation.
Type  H <return>  for immediate help.
 ...                                              
                                                  
l.113 \bibliographystyle{apalike}
                                 
Use the package option 'style' instead.
I'm ignoring this command.


! Package inputenc Error: Unicode character ‚àò (U+2218)
(inputenc)                not set up for use with LaTeX.

See the inputenc package documentation for explanation.
Type  H <return>  for immediate help.
 ...                                              
                                                  
l.118 \cleardoublepage
                      
You may provide a definition with
\DeclareUnicodeCharacter 


! Package inputenc Error: Unicode character ‚àò (U+2218)
(inputenc)                not set up for use with LaTeX.

See the inputenc package documentation for explanation.
Type  H <return>  for immediate help.
 ...                                              
                                                  
l.118 \cleardoublepage
                      
You may provide a definition with
\DeclareUnicodeCharacter 

[89



] [90] [91] [92] [93] [94] [95] [96] [97]

! Package inputenc Error: Unicode character ÃÅ (U+0301)
(inputenc)                not set up for use with LaTeX.

See the inputenc package documentation for explanation.
Type  H <return>  for immediate help.
 ...                                              
                                                  
l.118 \cleardoublepage
                      
You may provide a definition with
\DeclareUnicodeCharacter 

[98] [99] [100] [101] [102] [103] (./thesis.aux (./0_Prelim/prelim.aux)
(./1_Intro/intro.aux) (./2_Pub1/body.aux) (./3_Pub2/body.aux)
(./5_Conclusions/conclusions.aux) (./Appendix/Appendix.aux))
Package rerunfilecheck Info: File `thesis.out' has not changed.
(rerunfilecheck)             Checksum: F4A1A5D7DFE49A65DEFEC00136275B4D;8749.
Package logreq Info: Writing requests to 'thesis.run.xml'.
\openout1 = `thesis.run.xml'.

 ) 
Here is how much of TeX's memory you used:
 23709 strings out of 478994
 438160 string characters out of 5858185
 1177951 words of memory out of 5000000
 40372 multiletter control sequences out of 15000+600000
 414386 words of font info for 68 fonts, out of 8000000 for 9000
 1141 hyphenation exceptions out of 8191
 71i,13n,77p,2883b,1762s stack positions out of 5000i,500n,10000p,200000b,80000s
{/usr/local/texlive/2021/texmf-dist/fonts/enc/dvips/cm-super/cm-super-ts1.enc
}</usr/local/texlive/2021/texmf-dist/fonts/type1/public/amsfonts/cm/cmbx12.pfb>
</usr/local/texlive/2021/texmf-dist/fonts/type1/public/amsfonts/cm/cmcsc10.pfb>
</usr/local/texlive/2021/texmf-dist/fonts/type1/public/amsfonts/cm/cmex10.pfb><
/usr/local/texlive/2021/texmf-dist/fonts/type1/public/amsfonts/cm/cmmi12.pfb></
usr/local/texlive/2021/texmf-dist/fonts/type1/public/amsfonts/cm/cmmi6.pfb></us
r/local/texlive/2021/texmf-dist/fonts/type1/public/amsfonts/cm/cmmi8.pfb></usr/
local/texlive/2021/texmf-dist/fonts/type1/public/amsfonts/cm/cmr12.pfb></usr/lo
cal/texlive/2021/texmf-dist/fonts/type1/public/amsfonts/cm/cmr6.pfb></usr/local
/texlive/2021/texmf-dist/fonts/type1/public/amsfonts/cm/cmr8.pfb></usr/local/te
xlive/2021/texmf-dist/fonts/type1/public/amsfonts/cm/cmsy10.pfb></usr/local/tex
live/2021/texmf-dist/fonts/type1/public/amsfonts/cm/cmsy6.pfb></usr/local/texli
ve/2021/texmf-dist/fonts/type1/public/amsfonts/cm/cmsy8.pfb></usr/local/texlive
/2021/texmf-dist/fonts/type1/public/amsfonts/cm/cmti12.pfb></usr/local/texlive/
2021/texmf-dist/fonts/type1/public/amsfonts/cm/cmtt12.pfb></usr/local/texlive/2
021/texmf-dist/fonts/type1/public/amsfonts/symbols/msbm10.pfb></usr/local/texli
ve/2021/texmf-dist/fonts/type1/public/cm-super/sfrm1200.pfb>
Output written on thesis.pdf (115 pages, 9247058 bytes).
PDF statistics:
 2457 PDF objects out of 2487 (max. 8388607)
 1701 compressed objects within 18 object streams
 428 named destinations out of 1000 (max. 500000)
 522 words of extra memory for PDF output out of 10000 (max. 10000000)

